# JRE version: Java(TM) SE Runtime Environment (8.0_40-b25) (build 1.8.0_40-b25)
# Java VM: Java HotSpot(TM) 64-Bit Server VM (25.40-b25 mixed mode linux-amd64 compressed oops)
Heap:
 PSYoungGen      total 36864K, used 16584K [0x00000000d7000000, 0x00000000d9900000, 0x0000000100000000)
  eden space 31744K, 41% used [0x00000000d7000000,0x00000000d7ce18d8,0x00000000d8f00000)
  from space 5120K, 66% used [0x00000000d9400000,0x00000000d97509f0,0x00000000d9900000)
  to   space 5120K, 0% used [0x00000000d8f00000,0x00000000d8f00000,0x00000000d9400000)
 ParOldGen       total 476160K, used 389685K [0x0000000085000000, 0x00000000a2100000, 0x00000000d7000000)
  object space 476160K, 81% used [0x0000000085000000,0x000000009cc8d790,0x00000000a2100000)
 Metaspace       used 12976K, capacity 13224K, committed 13312K, reserved 1060864K
  class space    used 1385K, capacity 1482K, committed 1536K, reserved 1048576K
GC Heap History (4 events):
Event: 1.549 GC heap before
{Heap before GC invocations=1 (full 0):
 PSYoungGen      total 36864K, used 31744K [0x00000000d7000000, 0x00000000d9900000, 0x0000000100000000)
  eden space 31744K, 100% used [0x00000000d7000000,0x00000000d8f00000,0x00000000d8f00000)
  from space 5120K, 0% used [0x00000000d9400000,0x00000000d9400000,0x00000000d9900000)
  to   space 5120K, 0% used [0x00000000d8f00000,0x00000000d8f00000,0x00000000d9400000)
 ParOldGen       total 84992K, used 0K [0x0000000085000000, 0x000000008a300000, 0x00000000d7000000)
  object space 84992K, 0% used [0x0000000085000000,0x0000000085000000,0x000000008a300000)
 Metaspace       used 12075K, capacity 12354K, committed 12416K, reserved 1060864K
  class space    used 1318K, capacity 1385K, committed 1408K, reserved 1048576K
Event: 1.556 GC heap after
Heap after GC invocations=1 (full 0):
 PSYoungGen      total 36864K, used 5089K [0x00000000d7000000, 0x00000000d9900000, 0x0000000100000000)
  eden space 31744K, 0% used [0x00000000d7000000,0x00000000d7000000,0x00000000d8f00000)
  from space 5120K, 99% used [0x00000000d8f00000,0x00000000d93f86c8,0x00000000d9400000)
  to   space 5120K, 0% used [0x00000000d9400000,0x00000000d9400000,0x00000000d9900000)
 ParOldGen       total 84992K, used 557K [0x0000000085000000, 0x000000008a300000, 0x00000000d7000000)
  object space 84992K, 0% used [0x0000000085000000,0x000000008508b750,0x000000008a300000)
 Metaspace       used 12075K, capacity 12354K, committed 12416K, reserved 1060864K
  class space    used 1318K, capacity 1385K, committed 1408K, reserved 1048576K
}
Event: 3.597 GC heap before
{Heap before GC invocations=2 (full 0):
 PSYoungGen      total 36864K, used 36833K [0x00000000d7000000, 0x00000000d9900000, 0x0000000100000000)
  eden space 31744K, 100% used [0x00000000d7000000,0x00000000d8f00000,0x00000000d8f00000)
  from space 5120K, 99% used [0x00000000d8f00000,0x00000000d93f86c8,0x00000000d9400000)
  to   space 5120K, 0% used [0x00000000d9400000,0x00000000d9400000,0x00000000d9900000)
 ParOldGen       total 378368K, used 292397K [0x0000000085000000, 0x000000009c180000, 0x00000000d7000000)
  object space 378368K, 77% used [0x0000000085000000,0x0000000096d8b780,0x000000009c180000)
 Metaspace       used 12807K, capacity 13064K, committed 13312K, reserved 1060864K
  class space    used 1379K, capacity 1450K, committed 1536K, reserved 1048576K
Event: 3.609 GC heap after
Heap after GC invocations=2 (full 0):
 PSYoungGen      total 36864K, used 3394K [0x00000000d7000000, 0x00000000d9900000, 0x0000000100000000)
  eden space 31744K, 0% used [0x00000000d7000000,0x00000000d7000000,0x00000000d8f00000)
  from space 5120K, 66% used [0x00000000d9400000,0x00000000d97509f0,0x00000000d9900000)
  to   space 5120K, 0% used [0x00000000d8f00000,0x00000000d8f00000,0x00000000d9400000)
 ParOldGen       total 378368K, used 292405K [0x0000000085000000, 0x000000009c180000, 0x00000000d7000000)
  object space 378368K, 77% used [0x0000000085000000,0x0000000096d8d780,0x000000009c180000)
 Metaspace       used 12807K, capacity 13064K, committed 13312K, reserved 1060864K
  class space    used 1379K, capacity 1450K, committed 1536K, reserved 1048576K
}

